<?xml version="1.0" encoding="UTF-8"?>
<!-- Generated by org.testng.reporters.JUnitXMLReporter -->
<testsuite hostname="DESKTOP-PK39URG" ignored="0" name="Test" tests="1" failures="1" timestamp="2022-12-08T14:36:42 IST" time="160.475" errors="0">
  <testcase name="ShortOrderReAllocation" time="145.298" classname="com.QStock.test.ShortOrderReAllocationPageTest">
    <failure type="java.lang.AssertionError" message="The following asserts failed:
	1 expected [true] but found [false]">
      <![CDATA[java.lang.AssertionError: The following asserts failed:
1 expected [true] but found [false]
at com.QStock.test.ShortOrderReAllocationPageTest.ShortOrderReAllocation(ShortOrderReAllocationPageTest.java:27)
at java.util.ArrayList.forEach(ArrayList.java:1257)
... Removed 29 stack frames]]>
    </failure>
  </testcase> <!-- ShortOrderReAllocation -->
</testsuite> <!-- Test -->
